{"/Users/axelmathieu-legall/projects/repoflow/packages/core/src/index.ts": {"path":"/Users/axelmathieu-legall/projects/repoflow/packages/core/src/index.ts","all":true,"statementMap":{"0":{"start":{"line":1,"column":0},"end":{"line":1,"column":49}},"1":{"start":{"line":2,"column":0},"end":{"line":2,"column":47}},"3":{"start":{"line":4,"column":0},"end":{"line":4,"column":99}},"4":{"start":{"line":5,"column":0},"end":{"line":5,"column":52}},"6":{"start":{"line":7,"column":0},"end":{"line":7,"column":42}}},"s":{"0":0,"1":0,"3":0,"4":0,"6":0},"branchMap":{"0":{"type":"branch","line":1,"loc":{"start":{"line":1,"column":453},"end":{"line":7,"column":42}},"locations":[{"start":{"line":1,"column":453},"end":{"line":7,"column":42}}]}},"b":{"0":[0]},"fnMap":{"0":{"name":"(empty-report)","decl":{"start":{"line":1,"column":453},"end":{"line":7,"column":42}},"loc":{"start":{"line":1,"column":453},"end":{"line":7,"column":42}},"line":1}},"f":{"0":0}}
,"/Users/axelmathieu-legall/projects/repoflow/packages/core/src/repository.ts": {"path":"/Users/axelmathieu-legall/projects/repoflow/packages/core/src/repository.ts","all":false,"statementMap":{"0":{"start":{"line":1,"column":0},"end":{"line":1,"column":36}},"1":{"start":{"line":2,"column":0},"end":{"line":2,"column":40}},"2":{"start":{"line":3,"column":0},"end":{"line":3,"column":35}},"3":{"start":{"line":4,"column":0},"end":{"line":4,"column":34}},"24":{"start":{"line":25,"column":0},"end":{"line":25,"column":25}},"25":{"start":{"line":26,"column":0},"end":{"line":26,"column":23}},"26":{"start":{"line":27,"column":0},"end":{"line":27,"column":22}},"27":{"start":{"line":28,"column":0},"end":{"line":28,"column":23}},"29":{"start":{"line":30,"column":0},"end":{"line":30,"column":55}},"30":{"start":{"line":31,"column":0},"end":{"line":31,"column":20}},"31":{"start":{"line":32,"column":0},"end":{"line":32,"column":18}},"32":{"start":{"line":33,"column":0},"end":{"line":33,"column":20}},"33":{"start":{"line":34,"column":0},"end":{"line":34,"column":3}},"35":{"start":{"line":36,"column":0},"end":{"line":36,"column":21}},"36":{"start":{"line":37,"column":0},"end":{"line":37,"column":44}},"37":{"start":{"line":38,"column":0},"end":{"line":38,"column":3}},"39":{"start":{"line":40,"column":0},"end":{"line":40,"column":28}},"40":{"start":{"line":41,"column":0},"end":{"line":41,"column":32}},"41":{"start":{"line":42,"column":0},"end":{"line":42,"column":3}},"43":{"start":{"line":44,"column":0},"end":{"line":44,"column":32}},"44":{"start":{"line":45,"column":0},"end":{"line":45,"column":30}},"45":{"start":{"line":46,"column":0},"end":{"line":46,"column":56}},"46":{"start":{"line":47,"column":0},"end":{"line":47,"column":48}},"47":{"start":{"line":48,"column":0},"end":{"line":48,"column":3}},"49":{"start":{"line":50,"column":0},"end":{"line":50,"column":31}},"50":{"start":{"line":51,"column":0},"end":{"line":51,"column":25}},"51":{"start":{"line":52,"column":0},"end":{"line":52,"column":3}},"53":{"start":{"line":54,"column":0},"end":{"line":54,"column":49}},"54":{"start":{"line":55,"column":0},"end":{"line":55,"column":35}},"55":{"start":{"line":56,"column":0},"end":{"line":56,"column":3}},"57":{"start":{"line":58,"column":0},"end":{"line":58,"column":42}},"58":{"start":{"line":59,"column":0},"end":{"line":59,"column":47}},"59":{"start":{"line":60,"column":0},"end":{"line":60,"column":35}},"60":{"start":{"line":61,"column":0},"end":{"line":61,"column":3}},"62":{"start":{"line":63,"column":0},"end":{"line":63,"column":39}},"63":{"start":{"line":64,"column":0},"end":{"line":64,"column":37}},"64":{"start":{"line":65,"column":0},"end":{"line":65,"column":12}},"65":{"start":{"line":66,"column":0},"end":{"line":66,"column":21}},"66":{"start":{"line":67,"column":0},"end":{"line":67,"column":23}},"67":{"start":{"line":68,"column":0},"end":{"line":68,"column":26}},"68":{"start":{"line":69,"column":0},"end":{"line":69,"column":34}},"69":{"start":{"line":70,"column":0},"end":{"line":70,"column":5}},"70":{"start":{"line":71,"column":0},"end":{"line":71,"column":3}},"72":{"start":{"line":73,"column":0},"end":{"line":73,"column":59}},"73":{"start":{"line":74,"column":0},"end":{"line":74,"column":9}},"74":{"start":{"line":75,"column":0},"end":{"line":75,"column":55}},"75":{"start":{"line":76,"column":0},"end":{"line":76,"column":50}},"76":{"start":{"line":77,"column":0},"end":{"line":77,"column":45}},"77":{"start":{"line":78,"column":0},"end":{"line":78,"column":34}},"78":{"start":{"line":79,"column":0},"end":{"line":79,"column":13}},"79":{"start":{"line":80,"column":0},"end":{"line":80,"column":17}},"80":{"start":{"line":81,"column":0},"end":{"line":81,"column":5}},"81":{"start":{"line":82,"column":0},"end":{"line":82,"column":3}},"83":{"start":{"line":84,"column":0},"end":{"line":84,"column":58}},"84":{"start":{"line":85,"column":0},"end":{"line":85,"column":61}},"85":{"start":{"line":86,"column":0},"end":{"line":86,"column":32}},"86":{"start":{"line":87,"column":0},"end":{"line":87,"column":30}},"87":{"start":{"line":88,"column":0},"end":{"line":88,"column":25}},"88":{"start":{"line":89,"column":0},"end":{"line":89,"column":28}},"89":{"start":{"line":90,"column":0},"end":{"line":90,"column":7}},"90":{"start":{"line":91,"column":0},"end":{"line":91,"column":3}},"92":{"start":{"line":93,"column":0},"end":{"line":93,"column":37}},"93":{"start":{"line":94,"column":0},"end":{"line":94,"column":37}},"94":{"start":{"line":95,"column":0},"end":{"line":95,"column":22}},"95":{"start":{"line":96,"column":0},"end":{"line":96,"column":3}},"96":{"start":{"line":97,"column":0},"end":{"line":97,"column":1}}},"s":{"0":1,"1":1,"2":1,"3":1,"24":1,"25":1,"26":26,"27":26,"29":1,"30":26,"31":26,"32":26,"33":26,"35":1,"36":9,"37":9,"39":1,"40":15,"41":15,"43":1,"44":13,"45":12,"46":12,"47":13,"49":1,"50":1,"51":1,"53":1,"54":0,"55":0,"57":1,"58":1,"59":1,"60":1,"62":1,"63":2,"64":2,"65":2,"66":2,"67":2,"68":2,"69":2,"70":2,"72":1,"73":2,"74":2,"75":2,"76":2,"77":2,"78":2,"79":1,"80":1,"81":2,"83":1,"84":1,"85":1,"86":1,"87":1,"88":1,"89":1,"90":1,"92":1,"93":2,"94":2,"95":2,"96":1},"branchMap":{"0":{"type":"branch","line":26,"loc":{"start":{"line":26,"column":11},"end":{"line":28,"column":23}},"locations":[{"start":{"line":26,"column":11},"end":{"line":28,"column":23}}]},"1":{"type":"branch","line":30,"loc":{"start":{"line":30,"column":2},"end":{"line":34,"column":3}},"locations":[{"start":{"line":30,"column":2},"end":{"line":34,"column":3}}]},"2":{"type":"branch","line":36,"loc":{"start":{"line":36,"column":2},"end":{"line":38,"column":3}},"locations":[{"start":{"line":36,"column":2},"end":{"line":38,"column":3}}]},"3":{"type":"branch","line":40,"loc":{"start":{"line":40,"column":2},"end":{"line":42,"column":3}},"locations":[{"start":{"line":40,"column":2},"end":{"line":42,"column":3}}]},"4":{"type":"branch","line":44,"loc":{"start":{"line":44,"column":2},"end":{"line":48,"column":3}},"locations":[{"start":{"line":44,"column":2},"end":{"line":48,"column":3}}]},"5":{"type":"branch","line":45,"loc":{"start":{"line":45,"column":24},"end":{"line":45,"column":30}},"locations":[{"start":{"line":45,"column":24},"end":{"line":45,"column":30}}]},"6":{"type":"branch","line":45,"loc":{"start":{"line":45,"column":24},"end":{"line":47,"column":48}},"locations":[{"start":{"line":45,"column":24},"end":{"line":47,"column":48}}]},"7":{"type":"branch","line":50,"loc":{"start":{"line":50,"column":2},"end":{"line":52,"column":3}},"locations":[{"start":{"line":50,"column":2},"end":{"line":52,"column":3}}]},"8":{"type":"branch","line":58,"loc":{"start":{"line":58,"column":2},"end":{"line":61,"column":3}},"locations":[{"start":{"line":58,"column":2},"end":{"line":61,"column":3}}]},"9":{"type":"branch","line":60,"loc":{"start":{"line":60,"column":18},"end":{"line":60,"column":35}},"locations":[{"start":{"line":60,"column":18},"end":{"line":60,"column":35}}]},"10":{"type":"branch","line":63,"loc":{"start":{"line":63,"column":2},"end":{"line":71,"column":3}},"locations":[{"start":{"line":63,"column":2},"end":{"line":71,"column":3}}]},"11":{"type":"branch","line":69,"loc":{"start":{"line":69,"column":16},"end":{"line":69,"column":34}},"locations":[{"start":{"line":69,"column":16},"end":{"line":69,"column":34}}]},"12":{"type":"branch","line":73,"loc":{"start":{"line":73,"column":2},"end":{"line":82,"column":3}},"locations":[{"start":{"line":73,"column":2},"end":{"line":82,"column":3}}]},"13":{"type":"branch","line":76,"loc":{"start":{"line":76,"column":19},"end":{"line":76,"column":50}},"locations":[{"start":{"line":76,"column":19},"end":{"line":76,"column":50}}]},"14":{"type":"branch","line":77,"loc":{"start":{"line":77,"column":44},"end":{"line":78,"column":30}},"locations":[{"start":{"line":77,"column":44},"end":{"line":78,"column":30}}]},"15":{"type":"branch","line":78,"loc":{"start":{"line":78,"column":25},"end":{"line":78,"column":34}},"locations":[{"start":{"line":78,"column":25},"end":{"line":78,"column":34}}]},"16":{"type":"branch","line":79,"loc":{"start":{"line":79,"column":4},"end":{"line":81,"column":5}},"locations":[{"start":{"line":79,"column":4},"end":{"line":81,"column":5}}]},"17":{"type":"branch","line":84,"loc":{"start":{"line":84,"column":2},"end":{"line":91,"column":3}},"locations":[{"start":{"line":84,"column":2},"end":{"line":91,"column":3}}]},"18":{"type":"branch","line":86,"loc":{"start":{"line":86,"column":23},"end":{"line":90,"column":6}},"locations":[{"start":{"line":86,"column":23},"end":{"line":90,"column":6}}]},"19":{"type":"branch","line":93,"loc":{"start":{"line":93,"column":2},"end":{"line":96,"column":3}},"locations":[{"start":{"line":93,"column":2},"end":{"line":96,"column":3}}]}},"b":{"0":[26],"1":[26],"2":[9],"3":[15],"4":[13],"5":[1],"6":[12],"7":[1],"8":[1],"9":[0],"10":[2],"11":[0],"12":[2],"13":[0],"14":[1],"15":[0],"16":[1],"17":[1],"18":[1],"19":[2]},"fnMap":{"0":{"name":"<instance_members_initializer>","decl":{"start":{"line":26,"column":11},"end":{"line":28,"column":23}},"loc":{"start":{"line":26,"column":11},"end":{"line":28,"column":23}},"line":26},"1":{"name":"Repository","decl":{"start":{"line":30,"column":2},"end":{"line":34,"column":3}},"loc":{"start":{"line":30,"column":2},"end":{"line":34,"column":3}},"line":30},"2":{"name":"get git","decl":{"start":{"line":36,"column":2},"end":{"line":38,"column":3}},"loc":{"start":{"line":36,"column":2},"end":{"line":38,"column":3}},"line":36},"3":{"name":"get isPresent","decl":{"start":{"line":40,"column":2},"end":{"line":42,"column":3}},"loc":{"start":{"line":40,"column":2},"end":{"line":42,"column":3}},"line":40},"4":{"name":"clone","decl":{"start":{"line":44,"column":2},"end":{"line":48,"column":3}},"loc":{"start":{"line":44,"column":2},"end":{"line":48,"column":3}},"line":44},"5":{"name":"pull","decl":{"start":{"line":50,"column":2},"end":{"line":52,"column":3}},"loc":{"start":{"line":50,"column":2},"end":{"line":52,"column":3}},"line":50},"6":{"name":"checkout","decl":{"start":{"line":54,"column":2},"end":{"line":56,"column":3}},"loc":{"start":{"line":54,"column":2},"end":{"line":56,"column":3}},"line":54},"7":{"name":"currentBranch","decl":{"start":{"line":58,"column":2},"end":{"line":61,"column":3}},"loc":{"start":{"line":58,"column":2},"end":{"line":61,"column":3}},"line":58},"8":{"name":"status","decl":{"start":{"line":63,"column":2},"end":{"line":71,"column":3}},"loc":{"start":{"line":63,"column":2},"end":{"line":71,"column":3}},"line":63},"9":{"name":"lastTag","decl":{"start":{"line":73,"column":2},"end":{"line":82,"column":3}},"loc":{"start":{"line":73,"column":2},"end":{"line":82,"column":3}},"line":73},"10":{"name":"commitsSince","decl":{"start":{"line":84,"column":2},"end":{"line":91,"column":3}},"loc":{"start":{"line":84,"column":2},"end":{"line":91,"column":3}},"line":84},"11":{"name":"isClean","decl":{"start":{"line":93,"column":2},"end":{"line":96,"column":3}},"loc":{"start":{"line":93,"column":2},"end":{"line":96,"column":3}},"line":93}},"f":{"0":26,"1":26,"2":9,"3":15,"4":13,"5":1,"6":0,"7":1,"8":2,"9":2,"10":1,"11":2}}
,"/Users/axelmathieu-legall/projects/repoflow/packages/core/src/workspace.ts": {"path":"/Users/axelmathieu-legall/projects/repoflow/packages/core/src/workspace.ts","all":false,"statementMap":{"0":{"start":{"line":1,"column":0},"end":{"line":1,"column":50}},"1":{"start":{"line":2,"column":0},"end":{"line":2,"column":47}},"3":{"start":{"line":4,"column":0},"end":{"line":4,"column":44}},"5":{"start":{"line":6,"column":0},"end":{"line":6,"column":24}},"6":{"start":{"line":7,"column":0},"end":{"line":7,"column":14}},"7":{"start":{"line":8,"column":0},"end":{"line":8,"column":36}},"8":{"start":{"line":9,"column":0},"end":{"line":9,"column":33}},"9":{"start":{"line":10,"column":0},"end":{"line":10,"column":6}},"11":{"start":{"line":12,"column":0},"end":{"line":12,"column":55}},"12":{"start":{"line":13,"column":0},"end":{"line":13,"column":40}},"13":{"start":{"line":14,"column":0},"end":{"line":14,"column":39}},"14":{"start":{"line":15,"column":0},"end":{"line":15,"column":3}},"16":{"start":{"line":17,"column":0},"end":{"line":17,"column":56}},"17":{"start":{"line":18,"column":0},"end":{"line":18,"column":48}},"18":{"start":{"line":19,"column":0},"end":{"line":19,"column":54}},"19":{"start":{"line":20,"column":0},"end":{"line":20,"column":35}},"20":{"start":{"line":21,"column":0},"end":{"line":21,"column":87}},"21":{"start":{"line":22,"column":0},"end":{"line":22,"column":5}},"22":{"start":{"line":23,"column":0},"end":{"line":23,"column":39}},"23":{"start":{"line":24,"column":0},"end":{"line":24,"column":3}},"25":{"start":{"line":26,"column":0},"end":{"line":26,"column":34}},"26":{"start":{"line":27,"column":0},"end":{"line":27,"column":53}},"27":{"start":{"line":28,"column":0},"end":{"line":28,"column":71}},"28":{"start":{"line":29,"column":0},"end":{"line":29,"column":12}},"29":{"start":{"line":30,"column":0},"end":{"line":30,"column":3}},"31":{"start":{"line":32,"column":0},"end":{"line":32,"column":73}},"32":{"start":{"line":33,"column":0},"end":{"line":33,"column":36}},"33":{"start":{"line":34,"column":0},"end":{"line":34,"column":20}},"34":{"start":{"line":35,"column":0},"end":{"line":35,"column":5}},"35":{"start":{"line":36,"column":0},"end":{"line":36,"column":3}},"37":{"start":{"line":38,"column":0},"end":{"line":38,"column":74}},"38":{"start":{"line":39,"column":0},"end":{"line":39,"column":17}},"39":{"start":{"line":40,"column":0},"end":{"line":40,"column":33}},"40":{"start":{"line":41,"column":0},"end":{"line":41,"column":85}},"41":{"start":{"line":42,"column":0},"end":{"line":42,"column":38}},"42":{"start":{"line":43,"column":0},"end":{"line":43,"column":52}},"43":{"start":{"line":44,"column":0},"end":{"line":44,"column":22}},"44":{"start":{"line":45,"column":0},"end":{"line":45,"column":7}},"45":{"start":{"line":46,"column":0},"end":{"line":46,"column":6}},"46":{"start":{"line":47,"column":0},"end":{"line":47,"column":30}},"47":{"start":{"line":48,"column":0},"end":{"line":48,"column":3}},"48":{"start":{"line":49,"column":0},"end":{"line":49,"column":1}}},"s":{"0":1,"1":1,"3":1,"5":1,"6":1,"7":6,"8":6,"9":6,"11":1,"12":7,"13":6,"14":7,"16":1,"17":6,"18":6,"19":6,"20":6,"21":6,"22":6,"23":6,"25":1,"26":2,"27":2,"28":1,"29":2,"31":1,"32":1,"33":3,"34":3,"35":1,"37":1,"38":1,"39":1,"40":1,"41":4,"42":4,"43":5,"44":5,"45":1,"46":1,"47":1,"48":1},"branchMap":{"0":{"type":"branch","line":7,"loc":{"start":{"line":7,"column":2},"end":{"line":10,"column":6}},"locations":[{"start":{"line":7,"column":2},"end":{"line":10,"column":6}}]},"1":{"type":"branch","line":12,"loc":{"start":{"line":12,"column":2},"end":{"line":15,"column":3}},"locations":[{"start":{"line":12,"column":2},"end":{"line":15,"column":3}}]},"2":{"type":"branch","line":13,"loc":{"start":{"line":13,"column":39},"end":{"line":14,"column":39}},"locations":[{"start":{"line":13,"column":39},"end":{"line":14,"column":39}}]},"3":{"type":"branch","line":17,"loc":{"start":{"line":17,"column":9},"end":{"line":24,"column":3}},"locations":[{"start":{"line":17,"column":9},"end":{"line":24,"column":3}}]},"4":{"type":"branch","line":21,"loc":{"start":{"line":21,"column":6},"end":{"line":21,"column":87}},"locations":[{"start":{"line":21,"column":6},"end":{"line":21,"column":87}}]},"5":{"type":"branch","line":26,"loc":{"start":{"line":26,"column":2},"end":{"line":30,"column":3}},"locations":[{"start":{"line":26,"column":2},"end":{"line":30,"column":3}}]},"6":{"type":"branch","line":28,"loc":{"start":{"line":28,"column":12},"end":{"line":29,"column":12}},"locations":[{"start":{"line":28,"column":12},"end":{"line":29,"column":12}}]},"7":{"type":"branch","line":27,"loc":{"start":{"line":27,"column":30},"end":{"line":27,"column":52}},"locations":[{"start":{"line":27,"column":30},"end":{"line":27,"column":52}}]},"8":{"type":"branch","line":32,"loc":{"start":{"line":32,"column":2},"end":{"line":36,"column":3}},"locations":[{"start":{"line":32,"column":2},"end":{"line":36,"column":3}}]},"9":{"type":"branch","line":33,"loc":{"start":{"line":33,"column":35},"end":{"line":35,"column":5}},"locations":[{"start":{"line":33,"column":35},"end":{"line":35,"column":5}}]},"10":{"type":"branch","line":38,"loc":{"start":{"line":38,"column":2},"end":{"line":48,"column":3}},"locations":[{"start":{"line":38,"column":2},"end":{"line":48,"column":3}}]},"11":{"type":"branch","line":41,"loc":{"start":{"line":41,"column":72},"end":{"line":46,"column":5}},"locations":[{"start":{"line":41,"column":72},"end":{"line":46,"column":5}}]},"12":{"type":"branch","line":43,"loc":{"start":{"line":43,"column":51},"end":{"line":45,"column":7}},"locations":[{"start":{"line":43,"column":51},"end":{"line":45,"column":7}}]}},"b":{"0":[6],"1":[7],"2":[6],"3":[6],"4":[13],"5":[2],"6":[1],"7":[2],"8":[1],"9":[3],"10":[1],"11":[4],"12":[5]},"fnMap":{"0":{"name":"Workspace","decl":{"start":{"line":7,"column":2},"end":{"line":10,"column":6}},"loc":{"start":{"line":7,"column":2},"end":{"line":10,"column":6}},"line":7},"1":{"name":"load","decl":{"start":{"line":12,"column":2},"end":{"line":15,"column":3}},"loc":{"start":{"line":12,"column":2},"end":{"line":15,"column":3}},"line":12},"2":{"name":"fromConfig","decl":{"start":{"line":17,"column":9},"end":{"line":24,"column":3}},"loc":{"start":{"line":17,"column":9},"end":{"line":24,"column":3}},"line":17},"3":{"name":"repo","decl":{"start":{"line":26,"column":2},"end":{"line":30,"column":3}},"loc":{"start":{"line":26,"column":2},"end":{"line":30,"column":3}},"line":26},"4":{"name":"forEach","decl":{"start":{"line":32,"column":2},"end":{"line":36,"column":3}},"loc":{"start":{"line":32,"column":2},"end":{"line":36,"column":3}},"line":32},"5":{"name":"parallel","decl":{"start":{"line":38,"column":2},"end":{"line":48,"column":3}},"loc":{"start":{"line":38,"column":2},"end":{"line":48,"column":3}},"line":38}},"f":{"0":6,"1":7,"2":6,"3":2,"4":1,"5":1}}
,"/Users/axelmathieu-legall/projects/repoflow/packages/core/src/config/defaults.ts": {"path":"/Users/axelmathieu-legall/projects/repoflow/packages/core/src/config/defaults.ts","all":false,"statementMap":{"3":{"start":{"line":4,"column":0},"end":{"line":4,"column":83}},"4":{"start":{"line":5,"column":0},"end":{"line":5,"column":10}},"5":{"start":{"line":6,"column":0},"end":{"line":6,"column":21}},"6":{"start":{"line":7,"column":0},"end":{"line":7,"column":37}},"7":{"start":{"line":8,"column":0},"end":{"line":8,"column":47}},"8":{"start":{"line":9,"column":0},"end":{"line":9,"column":14}},"9":{"start":{"line":10,"column":0},"end":{"line":10,"column":59}},"10":{"start":{"line":11,"column":0},"end":{"line":11,"column":54}},"11":{"start":{"line":12,"column":0},"end":{"line":12,"column":6}},"12":{"start":{"line":13,"column":0},"end":{"line":13,"column":13}},"13":{"start":{"line":14,"column":0},"end":{"line":14,"column":31}},"14":{"start":{"line":15,"column":0},"end":{"line":15,"column":6}},"15":{"start":{"line":16,"column":0},"end":{"line":16,"column":15}},"16":{"start":{"line":17,"column":0},"end":{"line":17,"column":3}},"17":{"start":{"line":18,"column":0},"end":{"line":18,"column":1}}},"s":{"3":1,"4":12,"5":12,"6":12,"7":12,"8":12,"9":12,"10":12,"11":12,"12":12,"13":12,"14":12,"15":12,"16":12,"17":12},"branchMap":{"0":{"type":"branch","line":4,"loc":{"start":{"line":4,"column":7},"end":{"line":18,"column":1}},"locations":[{"start":{"line":4,"column":7},"end":{"line":18,"column":1}}]},"1":{"type":"branch","line":7,"loc":{"start":{"line":7,"column":17},"end":{"line":7,"column":37}},"locations":[{"start":{"line":7,"column":17},"end":{"line":7,"column":37}}]},"2":{"type":"branch","line":8,"loc":{"start":{"line":8,"column":23},"end":{"line":8,"column":47}},"locations":[{"start":{"line":8,"column":23},"end":{"line":8,"column":47}}]},"3":{"type":"branch","line":10,"loc":{"start":{"line":10,"column":23},"end":{"line":10,"column":47}},"locations":[{"start":{"line":10,"column":23},"end":{"line":10,"column":47}}]},"4":{"type":"branch","line":11,"loc":{"start":{"line":11,"column":24},"end":{"line":11,"column":49}},"locations":[{"start":{"line":11,"column":24},"end":{"line":11,"column":49}}]},"5":{"type":"branch","line":14,"loc":{"start":{"line":14,"column":17},"end":{"line":14,"column":31}},"locations":[{"start":{"line":14,"column":17},"end":{"line":14,"column":31}}]}},"b":{"0":[12],"1":[10],"2":[11],"3":[0],"4":[0],"5":[2]},"fnMap":{"0":{"name":"applyDefaults","decl":{"start":{"line":4,"column":7},"end":{"line":18,"column":1}},"loc":{"start":{"line":4,"column":7},"end":{"line":18,"column":1}},"line":4}},"f":{"0":12}}
,"/Users/axelmathieu-legall/projects/repoflow/packages/core/src/config/define.ts": {"path":"/Users/axelmathieu-legall/projects/repoflow/packages/core/src/config/define.ts","all":false,"statementMap":{"2":{"start":{"line":3,"column":0},"end":{"line":3,"column":70}},"3":{"start":{"line":4,"column":0},"end":{"line":4,"column":15}},"4":{"start":{"line":5,"column":0},"end":{"line":5,"column":1}}},"s":{"2":1,"3":2,"4":2},"branchMap":{"0":{"type":"branch","line":3,"loc":{"start":{"line":3,"column":7},"end":{"line":5,"column":1}},"locations":[{"start":{"line":3,"column":7},"end":{"line":5,"column":1}}]}},"b":{"0":[2]},"fnMap":{"0":{"name":"defineConfig","decl":{"start":{"line":3,"column":7},"end":{"line":5,"column":1}},"loc":{"start":{"line":3,"column":7},"end":{"line":5,"column":1}},"line":3}},"f":{"0":2}}
,"/Users/axelmathieu-legall/projects/repoflow/packages/core/src/config/env.ts": {"path":"/Users/axelmathieu-legall/projects/repoflow/packages/core/src/config/env.ts","all":false,"statementMap":{"0":{"start":{"line":1,"column":0},"end":{"line":1,"column":48}},"3":{"start":{"line":4,"column":0},"end":{"line":4,"column":36}},"5":{"start":{"line":6,"column":0},"end":{"line":6,"column":45}},"6":{"start":{"line":7,"column":0},"end":{"line":7,"column":61}},"7":{"start":{"line":8,"column":0},"end":{"line":8,"column":41}},"8":{"start":{"line":9,"column":0},"end":{"line":9,"column":69}},"9":{"start":{"line":10,"column":0},"end":{"line":10,"column":19}},"10":{"start":{"line":11,"column":0},"end":{"line":11,"column":4}},"11":{"start":{"line":12,"column":0},"end":{"line":12,"column":1}},"13":{"start":{"line":14,"column":0},"end":{"line":14,"column":72}},"14":{"start":{"line":15,"column":0},"end":{"line":15,"column":41}},"15":{"start":{"line":16,"column":0},"end":{"line":16,"column":10}},"16":{"start":{"line":17,"column":0},"end":{"line":17,"column":14}},"17":{"start":{"line":18,"column":0},"end":{"line":18,"column":13}},"18":{"start":{"line":19,"column":0},"end":{"line":19,"column":14}},"19":{"start":{"line":20,"column":0},"end":{"line":20,"column":62}},"20":{"start":{"line":21,"column":0},"end":{"line":21,"column":60}},"21":{"start":{"line":22,"column":0},"end":{"line":22,"column":8}},"22":{"start":{"line":23,"column":0},"end":{"line":23,"column":6}},"23":{"start":{"line":24,"column":0},"end":{"line":24,"column":3}},"24":{"start":{"line":25,"column":0},"end":{"line":25,"column":1}}},"s":{"0":1,"3":1,"5":3,"6":3,"7":3,"8":3,"9":2,"10":3,"11":3,"13":1,"14":10,"15":2,"16":2,"17":2,"18":2,"19":2,"20":2,"21":2,"22":2,"23":2,"24":2},"branchMap":{"0":{"type":"branch","line":6,"loc":{"start":{"line":6,"column":0},"end":{"line":12,"column":1}},"locations":[{"start":{"line":6,"column":0},"end":{"line":12,"column":1}}]},"1":{"type":"branch","line":7,"loc":{"start":{"line":7,"column":36},"end":{"line":11,"column":3}},"locations":[{"start":{"line":7,"column":36},"end":{"line":11,"column":3}}]},"2":{"type":"branch","line":9,"loc":{"start":{"line":9,"column":32},"end":{"line":9,"column":69}},"locations":[{"start":{"line":9,"column":32},"end":{"line":9,"column":69}}]},"3":{"type":"branch","line":9,"loc":{"start":{"line":9,"column":68},"end":{"line":10,"column":19}},"locations":[{"start":{"line":9,"column":68},"end":{"line":10,"column":19}}]},"4":{"type":"branch","line":14,"loc":{"start":{"line":14,"column":7},"end":{"line":25,"column":1}},"locations":[{"start":{"line":14,"column":7},"end":{"line":25,"column":1}}]},"5":{"type":"branch","line":15,"loc":{"start":{"line":15,"column":28},"end":{"line":25,"column":1}},"locations":[{"start":{"line":15,"column":28},"end":{"line":25,"column":1}}]},"6":{"type":"branch","line":15,"loc":{"start":{"line":15,"column":35},"end":{"line":25,"column":1}},"locations":[{"start":{"line":15,"column":35},"end":{"line":25,"column":1}}]}},"b":{"0":[3],"1":[3],"2":[1],"3":[2],"4":[10],"5":[8],"6":[2]},"fnMap":{"0":{"name":"interpolate","decl":{"start":{"line":6,"column":0},"end":{"line":12,"column":1}},"loc":{"start":{"line":6,"column":0},"end":{"line":12,"column":1}},"line":6},"1":{"name":"resolveEnvVars","decl":{"start":{"line":14,"column":7},"end":{"line":25,"column":1}},"loc":{"start":{"line":14,"column":7},"end":{"line":25,"column":1}},"line":14}},"f":{"0":3,"1":10}}
,"/Users/axelmathieu-legall/projects/repoflow/packages/core/src/config/errors.ts": {"path":"/Users/axelmathieu-legall/projects/repoflow/packages/core/src/config/errors.ts","all":false,"statementMap":{"0":{"start":{"line":1,"column":0},"end":{"line":1,"column":48}},"1":{"start":{"line":2,"column":0},"end":{"line":2,"column":48}},"2":{"start":{"line":3,"column":0},"end":{"line":3,"column":28}},"3":{"start":{"line":4,"column":0},"end":{"line":4,"column":88}},"4":{"start":{"line":5,"column":0},"end":{"line":5,"column":3}},"5":{"start":{"line":6,"column":0},"end":{"line":6,"column":1}},"7":{"start":{"line":8,"column":0},"end":{"line":8,"column":50}},"8":{"start":{"line":9,"column":0},"end":{"line":9,"column":50}},"9":{"start":{"line":10,"column":0},"end":{"line":10,"column":32}},"10":{"start":{"line":11,"column":0},"end":{"line":11,"column":18}},"11":{"start":{"line":12,"column":0},"end":{"line":12,"column":3}},"12":{"start":{"line":13,"column":0},"end":{"line":13,"column":1}},"14":{"start":{"line":15,"column":0},"end":{"line":15,"column":47}},"15":{"start":{"line":16,"column":0},"end":{"line":16,"column":47}},"16":{"start":{"line":17,"column":0},"end":{"line":17,"column":41}},"17":{"start":{"line":18,"column":0},"end":{"line":18,"column":62}},"18":{"start":{"line":19,"column":0},"end":{"line":19,"column":3}},"19":{"start":{"line":20,"column":0},"end":{"line":20,"column":1}}},"s":{"0":1,"1":1,"2":1,"3":2,"4":2,"5":1,"7":1,"8":1,"9":1,"10":2,"11":2,"12":1,"14":1,"15":1,"16":1,"17":1,"18":1,"19":1},"branchMap":{"0":{"type":"branch","line":2,"loc":{"start":{"line":2,"column":20},"end":{"line":2,"column":48}},"locations":[{"start":{"line":2,"column":20},"end":{"line":2,"column":48}}]},"1":{"type":"branch","line":3,"loc":{"start":{"line":3,"column":2},"end":{"line":5,"column":3}},"locations":[{"start":{"line":3,"column":2},"end":{"line":5,"column":3}}]},"2":{"type":"branch","line":9,"loc":{"start":{"line":9,"column":20},"end":{"line":9,"column":50}},"locations":[{"start":{"line":9,"column":20},"end":{"line":9,"column":50}}]},"3":{"type":"branch","line":10,"loc":{"start":{"line":10,"column":2},"end":{"line":12,"column":3}},"locations":[{"start":{"line":10,"column":2},"end":{"line":12,"column":3}}]},"4":{"type":"branch","line":17,"loc":{"start":{"line":17,"column":2},"end":{"line":19,"column":3}},"locations":[{"start":{"line":17,"column":2},"end":{"line":19,"column":3}}]}},"b":{"0":[2],"1":[2],"2":[2],"3":[2],"4":[1]},"fnMap":{"0":{"name":"<instance_members_initializer>","decl":{"start":{"line":2,"column":20},"end":{"line":2,"column":48}},"loc":{"start":{"line":2,"column":20},"end":{"line":2,"column":48}},"line":2},"1":{"name":"ConfigNotFoundError","decl":{"start":{"line":3,"column":2},"end":{"line":5,"column":3}},"loc":{"start":{"line":3,"column":2},"end":{"line":5,"column":3}},"line":3},"2":{"name":"<instance_members_initializer>","decl":{"start":{"line":9,"column":20},"end":{"line":9,"column":50}},"loc":{"start":{"line":9,"column":20},"end":{"line":9,"column":50}},"line":9},"3":{"name":"ConfigValidationError","decl":{"start":{"line":10,"column":2},"end":{"line":12,"column":3}},"loc":{"start":{"line":10,"column":2},"end":{"line":12,"column":3}},"line":10},"4":{"name":"MissingEnvVarError","decl":{"start":{"line":17,"column":2},"end":{"line":19,"column":3}},"loc":{"start":{"line":17,"column":2},"end":{"line":19,"column":3}},"line":17}},"f":{"0":2,"1":2,"2":2,"3":2,"4":1}}
,"/Users/axelmathieu-legall/projects/repoflow/packages/core/src/config/loader.ts": {"path":"/Users/axelmathieu-legall/projects/repoflow/packages/core/src/config/loader.ts","all":false,"statementMap":{"0":{"start":{"line":1,"column":0},"end":{"line":1,"column":52}},"1":{"start":{"line":2,"column":0},"end":{"line":2,"column":50}},"2":{"start":{"line":3,"column":0},"end":{"line":3,"column":40}},"3":{"start":{"line":4,"column":0},"end":{"line":4,"column":45}},"4":{"start":{"line":5,"column":0},"end":{"line":5,"column":72}},"5":{"start":{"line":6,"column":0},"end":{"line":6,"column":41}},"6":{"start":{"line":7,"column":0},"end":{"line":7,"column":50}},"9":{"start":{"line":10,"column":0},"end":{"line":10,"column":56}},"10":{"start":{"line":11,"column":0},"end":{"line":11,"column":7}},"11":{"start":{"line":12,"column":0},"end":{"line":12,"column":35}},"12":{"start":{"line":13,"column":0},"end":{"line":13,"column":15}},"13":{"start":{"line":14,"column":0},"end":{"line":14,"column":11}},"14":{"start":{"line":15,"column":0},"end":{"line":15,"column":16}},"15":{"start":{"line":16,"column":0},"end":{"line":16,"column":3}},"16":{"start":{"line":17,"column":0},"end":{"line":17,"column":1}},"18":{"start":{"line":19,"column":0},"end":{"line":19,"column":70}},"19":{"start":{"line":20,"column":0},"end":{"line":20,"column":26}},"20":{"start":{"line":21,"column":0},"end":{"line":21,"column":16}},"21":{"start":{"line":22,"column":0},"end":{"line":22,"column":53}},"22":{"start":{"line":23,"column":0},"end":{"line":23,"column":53}},"23":{"start":{"line":24,"column":0},"end":{"line":24,"column":31}},"24":{"start":{"line":25,"column":0},"end":{"line":25,"column":35}},"25":{"start":{"line":26,"column":0},"end":{"line":26,"column":16}},"26":{"start":{"line":27,"column":0},"end":{"line":27,"column":3}},"27":{"start":{"line":28,"column":0},"end":{"line":28,"column":1}},"29":{"start":{"line":30,"column":0},"end":{"line":30,"column":46}},"30":{"start":{"line":31,"column":0},"end":{"line":31,"column":57}},"31":{"start":{"line":32,"column":0},"end":{"line":32,"column":42}},"32":{"start":{"line":33,"column":0},"end":{"line":33,"column":35}},"33":{"start":{"line":34,"column":0},"end":{"line":34,"column":26}},"35":{"start":{"line":36,"column":0},"end":{"line":36,"column":83}},"36":{"start":{"line":37,"column":0},"end":{"line":37,"column":61}},"37":{"start":{"line":38,"column":0},"end":{"line":38,"column":3}},"38":{"start":{"line":39,"column":0},"end":{"line":39,"column":12}},"39":{"start":{"line":40,"column":0},"end":{"line":40,"column":1}},"41":{"start":{"line":42,"column":0},"end":{"line":42,"column":80}},"42":{"start":{"line":43,"column":0},"end":{"line":43,"column":46}},"43":{"start":{"line":44,"column":0},"end":{"line":44,"column":53}},"45":{"start":{"line":46,"column":0},"end":{"line":46,"column":24}},"46":{"start":{"line":47,"column":0},"end":{"line":47,"column":7}},"47":{"start":{"line":48,"column":0},"end":{"line":48,"column":52}},"48":{"start":{"line":49,"column":0},"end":{"line":49,"column":79}},"49":{"start":{"line":50,"column":0},"end":{"line":50,"column":15}},"50":{"start":{"line":51,"column":0},"end":{"line":51,"column":51}},"51":{"start":{"line":52,"column":0},"end":{"line":52,"column":36}},"52":{"start":{"line":53,"column":0},"end":{"line":53,"column":90}},"53":{"start":{"line":54,"column":0},"end":{"line":54,"column":5}},"54":{"start":{"line":55,"column":0},"end":{"line":55,"column":3}},"57":{"start":{"line":58,"column":0},"end":{"line":58,"column":43}},"59":{"start":{"line":60,"column":0},"end":{"line":60,"column":58}},"60":{"start":{"line":61,"column":0},"end":{"line":61,"column":24}},"61":{"start":{"line":62,"column":0},"end":{"line":62,"column":38}},"62":{"start":{"line":63,"column":0},"end":{"line":63,"column":58}},"63":{"start":{"line":64,"column":0},"end":{"line":64,"column":17}},"64":{"start":{"line":65,"column":0},"end":{"line":65,"column":77}},"65":{"start":{"line":66,"column":0},"end":{"line":66,"column":3}},"67":{"start":{"line":68,"column":0},"end":{"line":68,"column":61}},"68":{"start":{"line":69,"column":0},"end":{"line":69,"column":37}},"69":{"start":{"line":70,"column":0},"end":{"line":70,"column":1}}},"s":{"0":1,"1":1,"2":1,"3":1,"4":1,"5":1,"6":1,"9":18,"10":18,"11":18,"12":10,"13":18,"14":8,"15":8,"16":18,"18":12,"19":12,"20":12,"21":18,"22":18,"23":8,"24":18,"25":6,"26":6,"27":12,"29":10,"30":10,"31":10,"32":10,"33":10,"35":10,"36":10,"37":10,"38":0,"39":0,"41":12,"42":12,"43":12,"45":10,"46":10,"47":10,"48":10,"49":12,"50":0,"51":0,"52":0,"53":0,"54":0,"57":10,"59":10,"60":12,"61":2,"62":2,"63":2,"64":2,"65":2,"67":8,"68":8,"69":8},"branchMap":{"0":{"type":"branch","line":10,"loc":{"start":{"line":10,"column":0},"end":{"line":17,"column":1}},"locations":[{"start":{"line":10,"column":0},"end":{"line":17,"column":1}}]},"1":{"type":"branch","line":12,"loc":{"start":{"line":12,"column":34},"end":{"line":14,"column":10}},"locations":[{"start":{"line":12,"column":34},"end":{"line":14,"column":10}}]},"2":{"type":"branch","line":14,"loc":{"start":{"line":14,"column":2},"end":{"line":16,"column":3}},"locations":[{"start":{"line":14,"column":2},"end":{"line":16,"column":3}}]},"3":{"type":"branch","line":19,"loc":{"start":{"line":19,"column":0},"end":{"line":28,"column":1}},"locations":[{"start":{"line":19,"column":0},"end":{"line":28,"column":1}}]},"4":{"type":"branch","line":21,"loc":{"start":{"line":21,"column":15},"end":{"line":27,"column":3}},"locations":[{"start":{"line":21,"column":15},"end":{"line":27,"column":3}}]},"5":{"type":"branch","line":23,"loc":{"start":{"line":23,"column":37},"end":{"line":23,"column":53}},"locations":[{"start":{"line":23,"column":37},"end":{"line":23,"column":53}}]},"6":{"type":"branch","line":23,"loc":{"start":{"line":23,"column":44},"end":{"line":25,"column":31}},"locations":[{"start":{"line":23,"column":44},"end":{"line":25,"column":31}}]},"7":{"type":"branch","line":25,"loc":{"start":{"line":25,"column":24},"end":{"line":25,"column":35}},"locations":[{"start":{"line":25,"column":24},"end":{"line":25,"column":35}}]},"8":{"type":"branch","line":25,"loc":{"start":{"line":25,"column":31},"end":{"line":27,"column":3}},"locations":[{"start":{"line":25,"column":31},"end":{"line":27,"column":3}}]},"9":{"type":"branch","line":30,"loc":{"start":{"line":30,"column":0},"end":{"line":40,"column":1}},"locations":[{"start":{"line":30,"column":0},"end":{"line":40,"column":1}}]},"10":{"type":"branch","line":31,"loc":{"start":{"line":31,"column":47},"end":{"line":31,"column":57}},"locations":[{"start":{"line":31,"column":47},"end":{"line":31,"column":57}}]},"11":{"type":"branch","line":33,"loc":{"start":{"line":33,"column":25},"end":{"line":33,"column":35}},"locations":[{"start":{"line":33,"column":25},"end":{"line":33,"column":35}}]},"12":{"type":"branch","line":37,"loc":{"start":{"line":37,"column":53},"end":{"line":37,"column":61}},"locations":[{"start":{"line":37,"column":53},"end":{"line":37,"column":61}}]},"13":{"type":"branch","line":38,"loc":{"start":{"line":38,"column":2},"end":{"line":40,"column":1}},"locations":[{"start":{"line":38,"column":2},"end":{"line":40,"column":1}}]},"14":{"type":"branch","line":42,"loc":{"start":{"line":42,"column":0},"end":{"line":70,"column":1}},"locations":[{"start":{"line":42,"column":0},"end":{"line":70,"column":1}}]},"15":{"type":"branch","line":44,"loc":{"start":{"line":44,"column":19},"end":{"line":44,"column":53}},"locations":[{"start":{"line":44,"column":19},"end":{"line":44,"column":53}}]},"16":{"type":"branch","line":44,"loc":{"start":{"line":44,"column":52},"end":{"line":50,"column":11}},"locations":[{"start":{"line":44,"column":52},"end":{"line":50,"column":11}}]},"17":{"type":"branch","line":50,"loc":{"start":{"line":50,"column":2},"end":{"line":55,"column":3}},"locations":[{"start":{"line":50,"column":2},"end":{"line":55,"column":3}}]},"18":{"type":"branch","line":55,"loc":{"start":{"line":55,"column":2},"end":{"line":61,"column":23}},"locations":[{"start":{"line":55,"column":2},"end":{"line":61,"column":23}}]},"19":{"type":"branch","line":61,"loc":{"start":{"line":61,"column":23},"end":{"line":70,"column":1}},"locations":[{"start":{"line":61,"column":23},"end":{"line":70,"column":1}}]},"20":{"type":"branch","line":61,"loc":{"start":{"line":61,"column":23},"end":{"line":66,"column":3}},"locations":[{"start":{"line":61,"column":23},"end":{"line":66,"column":3}}]},"21":{"type":"branch","line":66,"loc":{"start":{"line":66,"column":2},"end":{"line":70,"column":1}},"locations":[{"start":{"line":66,"column":2},"end":{"line":70,"column":1}}]},"22":{"type":"branch","line":63,"loc":{"start":{"line":63,"column":11},"end":{"line":63,"column":57}},"locations":[{"start":{"line":63,"column":11},"end":{"line":63,"column":57}}]}},"b":{"0":[18],"1":[10],"2":[8],"3":[12],"4":[18],"5":[10],"6":[8],"7":[2],"8":[6],"9":[10],"10":[0],"11":[0],"12":[0],"13":[0],"14":[12],"15":[2],"16":[10],"17":[0],"18":[10],"19":[9],"20":[2],"21":[8],"22":[2]},"fnMap":{"0":{"name":"fileExists","decl":{"start":{"line":10,"column":0},"end":{"line":17,"column":1}},"loc":{"start":{"line":10,"column":0},"end":{"line":17,"column":1}},"line":10},"1":{"name":"findConfigFile","decl":{"start":{"line":19,"column":0},"end":{"line":28,"column":1}},"loc":{"start":{"line":19,"column":0},"end":{"line":28,"column":1}},"line":19},"2":{"name":"unwrapModule","decl":{"start":{"line":30,"column":0},"end":{"line":40,"column":1}},"loc":{"start":{"line":30,"column":0},"end":{"line":40,"column":1}},"line":30},"3":{"name":"loadConfig","decl":{"start":{"line":42,"column":0},"end":{"line":70,"column":1}},"loc":{"start":{"line":42,"column":0},"end":{"line":70,"column":1}},"line":42}},"f":{"0":18,"1":12,"2":10,"3":12}}
,"/Users/axelmathieu-legall/projects/repoflow/packages/core/src/config/schema.ts": {"path":"/Users/axelmathieu-legall/projects/repoflow/packages/core/src/config/schema.ts","all":false,"statementMap":{"0":{"start":{"line":1,"column":0},"end":{"line":1,"column":23}},"2":{"start":{"line":3,"column":0},"end":{"line":3,"column":35}},"3":{"start":{"line":4,"column":0},"end":{"line":4,"column":55}},"4":{"start":{"line":5,"column":0},"end":{"line":5,"column":53}},"5":{"start":{"line":6,"column":0},"end":{"line":6,"column":32}},"6":{"start":{"line":7,"column":0},"end":{"line":7,"column":2}},"8":{"start":{"line":9,"column":0},"end":{"line":9,"column":36}},"9":{"start":{"line":10,"column":0},"end":{"line":10,"column":66}},"10":{"start":{"line":11,"column":0},"end":{"line":11,"column":64}},"11":{"start":{"line":12,"column":0},"end":{"line":12,"column":2}},"13":{"start":{"line":14,"column":0},"end":{"line":14,"column":46}},"14":{"start":{"line":15,"column":0},"end":{"line":15,"column":75}},"15":{"start":{"line":16,"column":0},"end":{"line":16,"column":33}},"16":{"start":{"line":17,"column":0},"end":{"line":17,"column":39}},"17":{"start":{"line":18,"column":0},"end":{"line":18,"column":12}},"18":{"start":{"line":19,"column":0},"end":{"line":19,"column":13}},"19":{"start":{"line":20,"column":0},"end":{"line":20,"column":53}},"20":{"start":{"line":21,"column":0},"end":{"line":21,"column":43}},"21":{"start":{"line":22,"column":0},"end":{"line":22,"column":6}},"22":{"start":{"line":23,"column":0},"end":{"line":23,"column":16}},"23":{"start":{"line":24,"column":0},"end":{"line":24,"column":11}},"24":{"start":{"line":25,"column":0},"end":{"line":25,"column":13}},"25":{"start":{"line":26,"column":0},"end":{"line":26,"column":42}},"26":{"start":{"line":27,"column":0},"end":{"line":27,"column":6}},"27":{"start":{"line":28,"column":0},"end":{"line":28,"column":16}},"28":{"start":{"line":29,"column":0},"end":{"line":29,"column":2}}},"s":{"0":1,"2":1,"3":1,"4":1,"5":1,"6":1,"8":1,"9":1,"10":1,"11":1,"13":1,"14":1,"15":1,"16":1,"17":1,"18":1,"19":1,"20":1,"21":1,"22":1,"23":1,"24":1,"25":1,"26":1,"27":1,"28":1},"branchMap":{},"b":{},"fnMap":{},"f":{}}
,"/Users/axelmathieu-legall/projects/repoflow/packages/core/src/config/types.ts": {"path":"/Users/axelmathieu-legall/projects/repoflow/packages/core/src/config/types.ts","all":true,"statementMap":{},"s":{},"branchMap":{"0":{"type":"branch","line":1,"loc":{"start":{"line":1,"column":608},"end":{"line":38,"column":1}},"locations":[{"start":{"line":1,"column":608},"end":{"line":38,"column":1}}]}},"b":{"0":[1]},"fnMap":{"0":{"name":"(empty-report)","decl":{"start":{"line":1,"column":608},"end":{"line":38,"column":1}},"loc":{"start":{"line":1,"column":608},"end":{"line":38,"column":1}},"line":1}},"f":{"0":1}}
}
